2025-09-05 17:27:57,876 - data.duckdb_transformation - INFO - Running silver.cevent.sql...
2025-09-05 17:27:58,232 - data.duckdb_transformation - INFO - Successfully ran silver.cevent.sql.
2025-09-05 17:27:58,235 - data.duckdb_transformation - INFO - Running silver_accident.sql...
2025-09-05 17:27:59,484 - data.duckdb_transformation - INFO - Successfully ran silver_accident.sql.
2025-09-05 17:27:59,487 - data.duckdb_transformation - INFO - Running silver_crashrf.sql...
2025-09-05 17:27:59,546 - data.duckdb_transformation - INFO - Successfully ran silver_crashrf.sql.
2025-09-05 17:27:59,549 - data.duckdb_transformation - INFO - Running silver_damage.sql...
2025-09-05 17:27:59,849 - data.duckdb_transformation - INFO - Successfully ran silver_damage.sql.
2025-09-05 17:27:59,852 - data.duckdb_transformation - INFO - Running silver_distract.sql...
2025-09-05 17:27:59,914 - data.duckdb_transformation - INFO - Successfully ran silver_distract.sql.
2025-09-05 17:27:59,917 - data.duckdb_transformation - INFO - Running silver_drimpair.sql...
2025-09-05 17:27:59,984 - data.duckdb_transformation - INFO - Successfully ran silver_drimpair.sql.
2025-09-05 17:27:59,987 - data.duckdb_transformation - INFO - Running silver_driverrrf.sql...
2025-09-05 17:28:00,049 - data.duckdb_transformation - INFO - Successfully ran silver_driverrrf.sql.
2025-09-05 17:28:00,051 - data.duckdb_transformation - INFO - Running silver_drugs.sql...
2025-09-05 17:28:00,400 - data.duckdb_transformation - INFO - Successfully ran silver_drugs.sql.
2025-09-05 17:28:00,403 - data.duckdb_transformation - INFO - Running silver_factor.sql...
2025-09-05 17:28:00,467 - data.duckdb_transformation - INFO - Successfully ran silver_factor.sql.
2025-09-05 17:28:00,470 - data.duckdb_transformation - INFO - Running silver_maneuver.sql...
2025-09-05 17:28:00,536 - data.duckdb_transformation - INFO - Successfully ran silver_maneuver.sql.
2025-09-05 17:28:00,539 - data.duckdb_transformation - INFO - Running silver_miacc.sql...
2025-09-05 17:28:00,607 - data.duckdb_transformation - INFO - Successfully ran silver_miacc.sql.
2025-09-05 17:28:00,609 - data.duckdb_transformation - INFO - Running silver_midrvacc.sql...
2025-09-05 17:28:00,673 - data.duckdb_transformation - INFO - Successfully ran silver_midrvacc.sql.
2025-09-05 17:28:00,676 - data.duckdb_transformation - INFO - Running silver_miper.sql...
2025-09-05 17:28:00,948 - data.duckdb_transformation - INFO - Successfully ran silver_miper.sql.
2025-09-05 17:28:00,951 - data.duckdb_transformation - INFO - Running silver_motorcycle_helmet_laws.sql...
2025-09-05 17:28:00,959 - data.duckdb_transformation - INFO - Successfully ran silver_motorcycle_helmet_laws.sql.
2025-09-05 17:28:00,962 - data.duckdb_transformation - INFO - Running silver_nmcrash.sql...
2025-09-05 17:28:01,017 - data.duckdb_transformation - INFO - Successfully ran silver_nmcrash.sql.
2025-09-05 17:28:01,020 - data.duckdb_transformation - INFO - Running silver_nmdistract.sql...
2025-09-05 17:28:01,056 - data.duckdb_transformation - INFO - Successfully ran silver_nmdistract.sql.
2025-09-05 17:28:01,059 - data.duckdb_transformation - INFO - Running silver_nmimpair.sql...
2025-09-05 17:28:01,099 - data.duckdb_transformation - INFO - Successfully ran silver_nmimpair.sql.
2025-09-05 17:28:01,101 - data.duckdb_transformation - INFO - Running silver_nmprior.sql...
2025-09-05 17:28:01,145 - data.duckdb_transformation - INFO - Successfully ran silver_nmprior.sql.
2025-09-05 17:28:01,147 - data.duckdb_transformation - INFO - Running silver_parkwork.sql...
2025-09-05 17:28:01,546 - data.duckdb_transformation - INFO - Successfully ran silver_parkwork.sql.
2025-09-05 17:28:01,549 - data.duckdb_transformation - INFO - Running silver_pbtype.sql...
2025-09-05 17:28:02,008 - data.duckdb_transformation - INFO - Successfully ran silver_pbtype.sql.
2025-09-05 17:28:02,011 - data.duckdb_transformation - INFO - Running silver_person.sql...
2025-09-05 17:28:03,972 - data.duckdb_transformation - INFO - Successfully ran silver_person.sql.
2025-09-05 17:28:03,975 - data.duckdb_transformation - INFO - Running silver_personrf.sql...
2025-09-05 17:28:04,216 - data.duckdb_transformation - INFO - Successfully ran silver_personrf.sql.
2025-09-05 17:28:04,220 - data.duckdb_transformation - INFO - Running silver_pvehiclesf.sql...
2025-09-05 17:28:04,232 - data.duckdb_transformation - INFO - Successfully ran silver_pvehiclesf.sql.
2025-09-05 17:28:04,234 - data.duckdb_transformation - INFO - Running silver_race.sql...
2025-09-05 17:28:04,564 - data.duckdb_transformation - INFO - Successfully ran silver_race.sql.
2025-09-05 17:28:04,567 - data.duckdb_transformation - INFO - Running silver_safetyeq.sql...
2025-09-05 17:28:04,651 - data.duckdb_transformation - INFO - Successfully ran silver_safetyeq.sql.
2025-09-05 17:28:04,654 - data.duckdb_transformation - INFO - Running silver_vehicle.sql...
2025-09-05 17:28:07,287 - data.duckdb_transformation - INFO - Successfully ran silver_vehicle.sql.
2025-09-05 17:28:07,290 - data.duckdb_transformation - INFO - Running silver_vehiclesf.sql...
2025-09-05 17:28:07,360 - data.duckdb_transformation - INFO - Successfully ran silver_vehiclesf.sql.
2025-09-05 17:28:07,363 - data.duckdb_transformation - INFO - Running silver_vevent.sql...
2025-09-05 17:28:07,719 - data.duckdb_transformation - INFO - Successfully ran silver_vevent.sql.
2025-09-05 17:28:07,722 - data.duckdb_transformation - INFO - Running silver_violatn.sql...
2025-09-05 17:28:07,785 - data.duckdb_transformation - INFO - Successfully ran silver_violatn.sql.
2025-09-05 17:28:07,788 - data.duckdb_transformation - INFO - Running silver_vision.sql...
2025-09-05 17:28:07,842 - data.duckdb_transformation - INFO - Successfully ran silver_vision.sql.
2025-09-05 17:28:07,845 - data.duckdb_transformation - INFO - Running silver_vpicdecode.sql...
2025-09-05 17:28:09,506 - data.duckdb_transformation - INFO - Successfully ran silver_vpicdecode.sql.
2025-09-05 17:28:09,509 - data.duckdb_transformation - INFO - Running silver_vpictrailerdecode.sql...
2025-09-05 17:28:09,549 - data.duckdb_transformation - INFO - Successfully ran silver_vpictrailerdecode.sql.
2025-09-05 17:28:09,552 - data.duckdb_transformation - INFO - Running silver_vsoe.sql...
2025-09-05 17:28:09,859 - data.duckdb_transformation - INFO - Successfully ran silver_vsoe.sql.
2025-09-05 17:28:09,861 - data.duckdb_transformation - INFO - Running silver_weather.sql...
2025-09-05 17:28:09,918 - data.duckdb_transformation - INFO - Successfully ran silver_weather.sql.
2025-09-05 17:30:13,539 - data.duckdb_transformation - INFO - Running silver.cevent.sql...
2025-09-05 17:30:13,935 - data.duckdb_transformation - INFO - Successfully ran silver.cevent.sql.
2025-09-05 17:30:13,938 - data.duckdb_transformation - INFO - Running silver_accident.sql...
2025-09-05 17:30:15,190 - data.duckdb_transformation - INFO - Successfully ran silver_accident.sql.
2025-09-05 17:30:15,193 - data.duckdb_transformation - INFO - Running silver_crashrf.sql...
2025-09-05 17:30:15,247 - data.duckdb_transformation - INFO - Successfully ran silver_crashrf.sql.
2025-09-05 17:30:15,249 - data.duckdb_transformation - INFO - Running silver_damage.sql...
2025-09-05 17:30:15,551 - data.duckdb_transformation - INFO - Successfully ran silver_damage.sql.
2025-09-05 17:30:15,554 - data.duckdb_transformation - INFO - Running silver_distract.sql...
2025-09-05 17:30:15,614 - data.duckdb_transformation - INFO - Successfully ran silver_distract.sql.
2025-09-05 17:30:15,617 - data.duckdb_transformation - INFO - Running silver_drimpair.sql...
2025-09-05 17:30:15,690 - data.duckdb_transformation - INFO - Successfully ran silver_drimpair.sql.
2025-09-05 17:30:15,692 - data.duckdb_transformation - INFO - Running silver_driverrrf.sql...
2025-09-05 17:30:15,763 - data.duckdb_transformation - INFO - Successfully ran silver_driverrrf.sql.
2025-09-05 17:30:15,766 - data.duckdb_transformation - INFO - Running silver_drugs.sql...
2025-09-05 17:30:16,161 - data.duckdb_transformation - INFO - Successfully ran silver_drugs.sql.
2025-09-05 17:30:16,164 - data.duckdb_transformation - INFO - Running silver_factor.sql...
2025-09-05 17:30:16,223 - data.duckdb_transformation - INFO - Successfully ran silver_factor.sql.
2025-09-05 17:30:16,225 - data.duckdb_transformation - INFO - Running silver_maneuver.sql...
2025-09-05 17:30:16,288 - data.duckdb_transformation - INFO - Successfully ran silver_maneuver.sql.
2025-09-05 17:30:16,291 - data.duckdb_transformation - INFO - Running silver_miacc.sql...
2025-09-05 17:30:16,352 - data.duckdb_transformation - INFO - Successfully ran silver_miacc.sql.
2025-09-05 17:30:16,355 - data.duckdb_transformation - INFO - Running silver_midrvacc.sql...
2025-09-05 17:30:16,424 - data.duckdb_transformation - INFO - Successfully ran silver_midrvacc.sql.
2025-09-05 17:30:16,428 - data.duckdb_transformation - INFO - Running silver_miper.sql...
2025-09-05 17:30:16,698 - data.duckdb_transformation - INFO - Successfully ran silver_miper.sql.
2025-09-05 17:30:16,700 - data.duckdb_transformation - INFO - Running silver_motorcycle_helmet_laws.sql...
2025-09-05 17:30:16,709 - data.duckdb_transformation - INFO - Successfully ran silver_motorcycle_helmet_laws.sql.
2025-09-05 17:30:16,711 - data.duckdb_transformation - INFO - Running silver_nmcrash.sql...
2025-09-05 17:30:16,765 - data.duckdb_transformation - INFO - Successfully ran silver_nmcrash.sql.
2025-09-05 17:30:16,768 - data.duckdb_transformation - INFO - Running silver_nmdistract.sql...
2025-09-05 17:30:16,804 - data.duckdb_transformation - INFO - Successfully ran silver_nmdistract.sql.
2025-09-05 17:30:16,806 - data.duckdb_transformation - INFO - Running silver_nmimpair.sql...
2025-09-05 17:30:16,845 - data.duckdb_transformation - INFO - Successfully ran silver_nmimpair.sql.
2025-09-05 17:30:16,847 - data.duckdb_transformation - INFO - Running silver_nmprior.sql...
2025-09-05 17:30:16,887 - data.duckdb_transformation - INFO - Successfully ran silver_nmprior.sql.
2025-09-05 17:30:16,890 - data.duckdb_transformation - INFO - Running silver_parkwork.sql...
2025-09-05 17:30:17,273 - data.duckdb_transformation - INFO - Successfully ran silver_parkwork.sql.
2025-09-05 17:30:17,276 - data.duckdb_transformation - INFO - Running silver_pbtype.sql...
2025-09-05 17:30:17,642 - data.duckdb_transformation - INFO - Successfully ran silver_pbtype.sql.
2025-09-05 17:30:17,645 - data.duckdb_transformation - INFO - Running silver_person.sql...
2025-09-05 17:30:19,512 - data.duckdb_transformation - INFO - Successfully ran silver_person.sql.
2025-09-05 17:30:19,515 - data.duckdb_transformation - INFO - Running silver_personrf.sql...
2025-09-05 17:30:19,785 - data.duckdb_transformation - INFO - Successfully ran silver_personrf.sql.
2025-09-05 17:30:19,788 - data.duckdb_transformation - INFO - Running silver_pvehiclesf.sql...
2025-09-05 17:30:19,803 - data.duckdb_transformation - INFO - Successfully ran silver_pvehiclesf.sql.
2025-09-05 17:30:19,806 - data.duckdb_transformation - INFO - Running silver_race.sql...
2025-09-05 17:30:20,106 - data.duckdb_transformation - INFO - Successfully ran silver_race.sql.
2025-09-05 17:30:20,109 - data.duckdb_transformation - INFO - Running silver_safetyeq.sql...
2025-09-05 17:30:20,180 - data.duckdb_transformation - INFO - Successfully ran silver_safetyeq.sql.
2025-09-05 17:30:20,183 - data.duckdb_transformation - INFO - Running silver_vehicle.sql...
2025-09-05 17:30:22,915 - data.duckdb_transformation - INFO - Successfully ran silver_vehicle.sql.
2025-09-05 17:30:22,918 - data.duckdb_transformation - INFO - Running silver_vehiclesf.sql...
2025-09-05 17:30:22,989 - data.duckdb_transformation - INFO - Successfully ran silver_vehiclesf.sql.
2025-09-05 17:30:22,992 - data.duckdb_transformation - INFO - Running silver_vevent.sql...
2025-09-05 17:30:23,397 - data.duckdb_transformation - INFO - Successfully ran silver_vevent.sql.
2025-09-05 17:30:23,400 - data.duckdb_transformation - INFO - Running silver_violatn.sql...
2025-09-05 17:30:23,531 - data.duckdb_transformation - INFO - Successfully ran silver_violatn.sql.
2025-09-05 17:30:23,535 - data.duckdb_transformation - INFO - Running silver_vision.sql...
2025-09-05 17:30:23,599 - data.duckdb_transformation - INFO - Successfully ran silver_vision.sql.
2025-09-05 17:30:23,602 - data.duckdb_transformation - INFO - Running silver_vpicdecode.sql...
2025-09-05 17:30:25,248 - data.duckdb_transformation - INFO - Successfully ran silver_vpicdecode.sql.
2025-09-05 17:30:25,251 - data.duckdb_transformation - INFO - Running silver_vpictrailerdecode.sql...
2025-09-05 17:30:25,291 - data.duckdb_transformation - INFO - Successfully ran silver_vpictrailerdecode.sql.
2025-09-05 17:30:25,294 - data.duckdb_transformation - INFO - Running silver_vsoe.sql...
2025-09-05 17:30:25,599 - data.duckdb_transformation - INFO - Successfully ran silver_vsoe.sql.
2025-09-05 17:30:25,602 - data.duckdb_transformation - INFO - Running silver_weather.sql...
2025-09-05 17:30:25,660 - data.duckdb_transformation - INFO - Successfully ran silver_weather.sql.
2025-09-05 17:37:18,075 - data.duckdb_transformation - INFO - Running silver.cevent.sql...
2025-09-05 17:37:18,429 - data.duckdb_transformation - INFO - Successfully ran silver.cevent.sql.
2025-09-05 17:37:18,432 - data.duckdb_transformation - INFO - Running silver_accident.sql...
2025-09-05 17:37:19,637 - data.duckdb_transformation - INFO - Successfully ran silver_accident.sql.
2025-09-05 17:37:19,640 - data.duckdb_transformation - INFO - Running silver_crashrf.sql...
2025-09-05 17:37:19,694 - data.duckdb_transformation - INFO - Successfully ran silver_crashrf.sql.
2025-09-05 17:37:19,697 - data.duckdb_transformation - INFO - Running silver_damage.sql...
2025-09-05 17:37:19,997 - data.duckdb_transformation - INFO - Successfully ran silver_damage.sql.
2025-09-05 17:37:19,999 - data.duckdb_transformation - INFO - Running silver_distract.sql...
2025-09-05 17:37:20,060 - data.duckdb_transformation - INFO - Successfully ran silver_distract.sql.
2025-09-05 17:37:20,063 - data.duckdb_transformation - INFO - Running silver_drimpair.sql...
2025-09-05 17:37:20,139 - data.duckdb_transformation - INFO - Successfully ran silver_drimpair.sql.
2025-09-05 17:37:20,142 - data.duckdb_transformation - INFO - Running silver_driverrrf.sql...
2025-09-05 17:37:20,202 - data.duckdb_transformation - INFO - Successfully ran silver_driverrrf.sql.
2025-09-05 17:37:20,205 - data.duckdb_transformation - INFO - Running silver_drugs.sql...
2025-09-05 17:37:20,580 - data.duckdb_transformation - INFO - Successfully ran silver_drugs.sql.
2025-09-05 17:37:20,583 - data.duckdb_transformation - INFO - Running silver_factor.sql...
2025-09-05 17:37:20,644 - data.duckdb_transformation - INFO - Successfully ran silver_factor.sql.
2025-09-05 17:37:20,647 - data.duckdb_transformation - INFO - Running silver_maneuver.sql...
2025-09-05 17:37:20,705 - data.duckdb_transformation - INFO - Successfully ran silver_maneuver.sql.
2025-09-05 17:37:20,708 - data.duckdb_transformation - INFO - Running silver_miacc.sql...
2025-09-05 17:37:20,774 - data.duckdb_transformation - INFO - Successfully ran silver_miacc.sql.
2025-09-05 17:37:20,777 - data.duckdb_transformation - INFO - Running silver_midrvacc.sql...
2025-09-05 17:37:20,837 - data.duckdb_transformation - INFO - Successfully ran silver_midrvacc.sql.
2025-09-05 17:37:20,840 - data.duckdb_transformation - INFO - Running silver_miper.sql...
2025-09-05 17:37:21,109 - data.duckdb_transformation - INFO - Successfully ran silver_miper.sql.
2025-09-05 17:37:21,112 - data.duckdb_transformation - INFO - Running silver_motorcycle_helmet_laws.sql...
2025-09-05 17:37:21,120 - data.duckdb_transformation - INFO - Successfully ran silver_motorcycle_helmet_laws.sql.
2025-09-05 17:37:21,123 - data.duckdb_transformation - INFO - Running silver_nmcrash.sql...
2025-09-05 17:37:21,179 - data.duckdb_transformation - INFO - Successfully ran silver_nmcrash.sql.
2025-09-05 17:37:21,182 - data.duckdb_transformation - INFO - Running silver_nmdistract.sql...
2025-09-05 17:37:21,218 - data.duckdb_transformation - INFO - Successfully ran silver_nmdistract.sql.
2025-09-05 17:37:21,220 - data.duckdb_transformation - INFO - Running silver_nmimpair.sql...
2025-09-05 17:37:21,260 - data.duckdb_transformation - INFO - Successfully ran silver_nmimpair.sql.
2025-09-05 17:37:21,263 - data.duckdb_transformation - INFO - Running silver_nmprior.sql...
2025-09-05 17:37:21,303 - data.duckdb_transformation - INFO - Successfully ran silver_nmprior.sql.
2025-09-05 17:37:21,306 - data.duckdb_transformation - INFO - Running silver_parkwork.sql...
2025-09-05 17:37:21,670 - data.duckdb_transformation - INFO - Successfully ran silver_parkwork.sql.
2025-09-05 17:37:21,672 - data.duckdb_transformation - INFO - Running silver_pbtype.sql...
2025-09-05 17:37:22,008 - data.duckdb_transformation - INFO - Successfully ran silver_pbtype.sql.
2025-09-05 17:37:22,011 - data.duckdb_transformation - INFO - Running silver_person.sql...
2025-09-05 17:37:24,002 - data.duckdb_transformation - INFO - Successfully ran silver_person.sql.
2025-09-05 17:37:24,006 - data.duckdb_transformation - INFO - Running silver_personrf.sql...
2025-09-05 17:37:24,243 - data.duckdb_transformation - INFO - Successfully ran silver_personrf.sql.
2025-09-05 17:37:24,246 - data.duckdb_transformation - INFO - Running silver_pvehiclesf.sql...
2025-09-05 17:37:24,262 - data.duckdb_transformation - INFO - Successfully ran silver_pvehiclesf.sql.
2025-09-05 17:37:24,265 - data.duckdb_transformation - INFO - Running silver_race.sql...
2025-09-05 17:37:24,580 - data.duckdb_transformation - INFO - Successfully ran silver_race.sql.
2025-09-05 17:37:24,583 - data.duckdb_transformation - INFO - Running silver_safetyeq.sql...
2025-09-05 17:37:24,659 - data.duckdb_transformation - INFO - Successfully ran silver_safetyeq.sql.
2025-09-05 17:37:24,663 - data.duckdb_transformation - INFO - Running silver_vehicle.sql...
2025-09-05 17:37:27,372 - data.duckdb_transformation - INFO - Successfully ran silver_vehicle.sql.
2025-09-05 17:37:27,375 - data.duckdb_transformation - INFO - Running silver_vehiclesf.sql...
2025-09-05 17:37:27,439 - data.duckdb_transformation - INFO - Successfully ran silver_vehiclesf.sql.
2025-09-05 17:37:27,442 - data.duckdb_transformation - INFO - Running silver_vevent.sql...
2025-09-05 17:37:27,792 - data.duckdb_transformation - INFO - Successfully ran silver_vevent.sql.
2025-09-05 17:37:27,795 - data.duckdb_transformation - INFO - Running silver_violatn.sql...
2025-09-05 17:37:27,855 - data.duckdb_transformation - INFO - Successfully ran silver_violatn.sql.
2025-09-05 17:37:27,858 - data.duckdb_transformation - INFO - Running silver_vision.sql...
2025-09-05 17:37:27,910 - data.duckdb_transformation - INFO - Successfully ran silver_vision.sql.
2025-09-05 17:37:27,914 - data.duckdb_transformation - INFO - Running silver_vpicdecode.sql...
2025-09-05 17:37:29,648 - data.duckdb_transformation - INFO - Successfully ran silver_vpicdecode.sql.
2025-09-05 17:37:29,652 - data.duckdb_transformation - INFO - Running silver_vpictrailerdecode.sql...
2025-09-05 17:37:29,690 - data.duckdb_transformation - INFO - Successfully ran silver_vpictrailerdecode.sql.
2025-09-05 17:37:29,693 - data.duckdb_transformation - INFO - Running silver_vsoe.sql...
2025-09-05 17:37:30,010 - data.duckdb_transformation - INFO - Successfully ran silver_vsoe.sql.
2025-09-05 17:37:30,013 - data.duckdb_transformation - INFO - Running silver_weather.sql...
2025-09-05 17:37:30,068 - data.duckdb_transformation - INFO - Successfully ran silver_weather.sql.
2025-09-05 17:49:08,356 - data.duckdb_transformation - INFO - Running silver.cevent.sql...
2025-09-05 17:49:08,712 - data.duckdb_transformation - INFO - Successfully ran silver.cevent.sql.
2025-09-05 17:49:08,715 - data.duckdb_transformation - INFO - Running silver_accident.sql...
2025-09-05 17:49:09,936 - data.duckdb_transformation - INFO - Successfully ran silver_accident.sql.
2025-09-05 17:49:09,939 - data.duckdb_transformation - INFO - Running silver_crashrf.sql...
2025-09-05 17:49:09,992 - data.duckdb_transformation - INFO - Successfully ran silver_crashrf.sql.
2025-09-05 17:49:09,995 - data.duckdb_transformation - INFO - Running silver_damage.sql...
2025-09-05 17:49:10,364 - data.duckdb_transformation - INFO - Successfully ran silver_damage.sql.
2025-09-05 17:49:10,367 - data.duckdb_transformation - INFO - Running silver_distract.sql...
2025-09-05 17:49:10,439 - data.duckdb_transformation - INFO - Successfully ran silver_distract.sql.
2025-09-05 17:49:10,442 - data.duckdb_transformation - INFO - Running silver_drimpair.sql...
2025-09-05 17:49:10,510 - data.duckdb_transformation - INFO - Successfully ran silver_drimpair.sql.
2025-09-05 17:49:10,513 - data.duckdb_transformation - INFO - Running silver_driverrrf.sql...
2025-09-05 17:49:10,584 - data.duckdb_transformation - INFO - Successfully ran silver_driverrrf.sql.
2025-09-05 17:49:10,587 - data.duckdb_transformation - INFO - Running silver_drugs.sql...
2025-09-05 17:49:10,962 - data.duckdb_transformation - INFO - Successfully ran silver_drugs.sql.
2025-09-05 17:49:10,965 - data.duckdb_transformation - INFO - Running silver_factor.sql...
2025-09-05 17:49:11,029 - data.duckdb_transformation - INFO - Successfully ran silver_factor.sql.
2025-09-05 17:49:11,032 - data.duckdb_transformation - INFO - Running silver_maneuver.sql...
2025-09-05 17:49:11,090 - data.duckdb_transformation - INFO - Successfully ran silver_maneuver.sql.
2025-09-05 17:49:11,093 - data.duckdb_transformation - INFO - Running silver_miacc.sql...
2025-09-05 17:49:11,156 - data.duckdb_transformation - INFO - Successfully ran silver_miacc.sql.
2025-09-05 17:49:11,159 - data.duckdb_transformation - INFO - Running silver_midrvacc.sql...
2025-09-05 17:49:11,221 - data.duckdb_transformation - INFO - Successfully ran silver_midrvacc.sql.
2025-09-05 17:49:11,223 - data.duckdb_transformation - INFO - Running silver_miper.sql...
2025-09-05 17:49:11,525 - data.duckdb_transformation - INFO - Successfully ran silver_miper.sql.
2025-09-05 17:49:11,528 - data.duckdb_transformation - INFO - Running silver_motorcycle_helmet_laws.sql...
2025-09-05 17:49:11,536 - data.duckdb_transformation - INFO - Successfully ran silver_motorcycle_helmet_laws.sql.
2025-09-05 17:49:11,539 - data.duckdb_transformation - INFO - Running silver_nmcrash.sql...
2025-09-05 17:49:11,592 - data.duckdb_transformation - INFO - Successfully ran silver_nmcrash.sql.
2025-09-05 17:49:11,595 - data.duckdb_transformation - INFO - Running silver_nmdistract.sql...
2025-09-05 17:49:11,635 - data.duckdb_transformation - INFO - Successfully ran silver_nmdistract.sql.
2025-09-05 17:49:11,640 - data.duckdb_transformation - INFO - Running silver_nmimpair.sql...
2025-09-05 17:49:11,682 - data.duckdb_transformation - INFO - Successfully ran silver_nmimpair.sql.
2025-09-05 17:49:11,685 - data.duckdb_transformation - INFO - Running silver_nmprior.sql...
2025-09-05 17:49:11,728 - data.duckdb_transformation - INFO - Successfully ran silver_nmprior.sql.
2025-09-05 17:49:11,731 - data.duckdb_transformation - INFO - Running silver_parkwork.sql...
2025-09-05 17:49:12,097 - data.duckdb_transformation - INFO - Successfully ran silver_parkwork.sql.
2025-09-05 17:49:12,100 - data.duckdb_transformation - INFO - Running silver_pbtype.sql...
2025-09-05 17:49:12,470 - data.duckdb_transformation - INFO - Successfully ran silver_pbtype.sql.
2025-09-05 17:49:12,473 - data.duckdb_transformation - INFO - Running silver_person.sql...
2025-09-05 17:49:14,529 - data.duckdb_transformation - INFO - Successfully ran silver_person.sql.
2025-09-05 17:49:14,533 - data.duckdb_transformation - INFO - Running silver_personrf.sql...
2025-09-05 17:49:14,807 - data.duckdb_transformation - INFO - Successfully ran silver_personrf.sql.
2025-09-05 17:49:14,810 - data.duckdb_transformation - INFO - Running silver_pvehiclesf.sql...
2025-09-05 17:49:14,822 - data.duckdb_transformation - INFO - Successfully ran silver_pvehiclesf.sql.
2025-09-05 17:49:14,825 - data.duckdb_transformation - INFO - Running silver_race.sql...
2025-09-05 17:49:15,186 - data.duckdb_transformation - INFO - Successfully ran silver_race.sql.
2025-09-05 17:49:15,189 - data.duckdb_transformation - INFO - Running silver_safetyeq.sql...
2025-09-05 17:49:15,263 - data.duckdb_transformation - INFO - Successfully ran silver_safetyeq.sql.
2025-09-05 17:49:15,266 - data.duckdb_transformation - INFO - Running silver_vehicle.sql...
2025-09-05 17:49:18,055 - data.duckdb_transformation - INFO - Successfully ran silver_vehicle.sql.
2025-09-05 17:49:18,058 - data.duckdb_transformation - INFO - Running silver_vehiclesf.sql...
2025-09-05 17:49:18,133 - data.duckdb_transformation - INFO - Successfully ran silver_vehiclesf.sql.
2025-09-05 17:49:18,136 - data.duckdb_transformation - INFO - Running silver_vevent.sql...
2025-09-05 17:49:18,521 - data.duckdb_transformation - INFO - Successfully ran silver_vevent.sql.
2025-09-05 17:49:18,523 - data.duckdb_transformation - INFO - Running silver_violatn.sql...
2025-09-05 17:49:18,586 - data.duckdb_transformation - INFO - Successfully ran silver_violatn.sql.
2025-09-05 17:49:18,588 - data.duckdb_transformation - INFO - Running silver_vision.sql...
2025-09-05 17:49:18,642 - data.duckdb_transformation - INFO - Successfully ran silver_vision.sql.
2025-09-05 17:49:18,644 - data.duckdb_transformation - INFO - Running silver_vpicdecode.sql...
2025-09-05 17:49:20,399 - data.duckdb_transformation - INFO - Successfully ran silver_vpicdecode.sql.
2025-09-05 17:49:20,403 - data.duckdb_transformation - INFO - Running silver_vpictrailerdecode.sql...
2025-09-05 17:49:20,440 - data.duckdb_transformation - INFO - Successfully ran silver_vpictrailerdecode.sql.
2025-09-05 17:49:20,442 - data.duckdb_transformation - INFO - Running silver_vsoe.sql...
2025-09-05 17:49:20,820 - data.duckdb_transformation - INFO - Successfully ran silver_vsoe.sql.
2025-09-05 17:49:20,823 - data.duckdb_transformation - INFO - Running silver_weather.sql...
2025-09-05 17:49:20,876 - data.duckdb_transformation - INFO - Successfully ran silver_weather.sql.
2025-09-05 18:05:51,909 - data.duckdb_transformation - INFO - Running silver.cevent.sql...
2025-09-05 18:05:51,921 - data.duckdb_transformation - ERROR - Error running silver.cevent.sql: Catalog Error: Table with name bronze_cevent does not exist!
Did you mean "bronze_weather"?

LINE 19: WHERE ST_CASE IS NOT NULL AND EVENTNUM IS NOT NULL;
                       ^
2025-09-05 18:05:51,924 - data.duckdb_transformation - INFO - Running silver_accident.sql...
2025-09-05 18:05:51,925 - data.duckdb_transformation - ERROR - Error running silver_accident.sql: Catalog Error: Table with name bronze_accident does not exist!
Did you mean "bronze_weather"?

LINE 86: WHERE ST_CASE IS NOT NULL AND YEAR IS NOT NULL
                     ^
2025-09-05 18:05:51,928 - data.duckdb_transformation - INFO - Running silver_crashrf.sql...
2025-09-05 18:05:51,929 - data.duckdb_transformation - ERROR - Error running silver_crashrf.sql: Catalog Error: Table with name bronze_crashrf does not exist!
Did you mean "bronze_weather"?

LINE 11: WHERE ST_CASE IS NOT NULL;
                      ^
2025-09-05 18:05:51,931 - data.duckdb_transformation - INFO - Running silver_damage.sql...
2025-09-05 18:05:51,932 - data.duckdb_transformation - ERROR - Error running silver_damage.sql: Catalog Error: Table with name bronze_damage does not exist!
Did you mean "bronze_weather"?

LINE 12: WHERE ST_CASE IS NOT NULL AND VEH_NO IS NOT NULL;
                       ^
2025-09-05 18:05:51,935 - data.duckdb_transformation - INFO - Running silver_distract.sql...
2025-09-05 18:05:51,936 - data.duckdb_transformation - ERROR - Error running silver_distract.sql: Catalog Error: Table with name bronze_distract does not exist!
Did you mean "bronze_weather"?

LINE 12: WHERE ST_CASE IS NOT NULL AND VEH_NO IS NOT NULL;
                     ^
2025-09-05 18:05:51,938 - data.duckdb_transformation - INFO - Running silver_drimpair.sql...
2025-09-05 18:05:51,939 - data.duckdb_transformation - ERROR - Error running silver_drimpair.sql: Catalog Error: Table with name bronze_drimpair does not exist!
Did you mean "bronze_weather"?

LINE 12: WHERE ST_CASE IS NOT NULL AND VEH_NO IS NOT NULL;
                     ^
2025-09-05 18:05:51,942 - data.duckdb_transformation - INFO - Running silver_driverrrf.sql...
2025-09-05 18:05:51,942 - data.duckdb_transformation - ERROR - Error running silver_driverrrf.sql: Catalog Error: Table with name bronze_driverrf does not exist!
Did you mean "bronze_weather"?

LINE 12: WHERE ST_CASE IS NOT NULL AND VEH_NO IS NOT NULL;
                     ^
2025-09-05 18:05:51,945 - data.duckdb_transformation - INFO - Running silver_drugs.sql...
2025-09-05 18:05:51,946 - data.duckdb_transformation - ERROR - Error running silver_drugs.sql: Catalog Error: Table with name bronze_drugs does not exist!
Did you mean "bronze_weather"?

LINE 23: WHERE ST_CASE IS NOT NULL AND VEH_NO IS NOT NULL AND PER_NO IS NOT NULL;
                        ^
2025-09-05 18:05:51,948 - data.duckdb_transformation - INFO - Running silver_factor.sql...
2025-09-05 18:05:51,949 - data.duckdb_transformation - ERROR - Error running silver_factor.sql: Catalog Error: Table with name bronze_factor does not exist!
Did you mean "bronze_weather"?

LINE 12: WHERE ST_CASE IS NOT NULL AND VEH_NO IS NOT NULL;
                       ^
2025-09-05 18:05:51,952 - data.duckdb_transformation - INFO - Running silver_maneuver.sql...
2025-09-05 18:05:51,952 - data.duckdb_transformation - ERROR - Error running silver_maneuver.sql: Catalog Error: Table with name bronze_maneuver does not exist!
Did you mean "bronze_weather"?

LINE 12: WHERE ST_CASE IS NOT NULL AND VEH_NO IS NOT NULL;
                     ^
2025-09-05 18:05:51,955 - data.duckdb_transformation - INFO - Running silver_miacc.sql...
2025-09-05 18:05:51,955 - data.duckdb_transformation - ERROR - Error running silver_miacc.sql: Catalog Error: Table with name bronze_miacc does not exist!
Did you mean "bronze_weather"?

LINE 17: WHERE ST_CASE IS NOT NULL;
                        ^
2025-09-05 18:05:51,958 - data.duckdb_transformation - INFO - Running silver_midrvacc.sql...
2025-09-05 18:05:51,959 - data.duckdb_transformation - ERROR - Error running silver_midrvacc.sql: Catalog Error: Table with name bronze_midrvacc does not exist!
Did you mean "bronze_weather"?

LINE 17: WHERE ST_CASE IS NOT NULL;
                     ^
2025-09-05 18:05:51,961 - data.duckdb_transformation - INFO - Running silver_miper.sql...
2025-09-05 18:05:51,962 - data.duckdb_transformation - ERROR - Error running silver_miper.sql: Catalog Error: Table with name bronze_miper does not exist!
Did you mean "bronze_weather"?

LINE 19: WHERE ST_CASE IS NOT NULL AND VEH_NO IS NOT NULL AND PER_NO IS NOT NULL;
                        ^
2025-09-05 18:05:51,965 - data.duckdb_transformation - INFO - Running silver_motorcycle_helmet_laws.sql...
2025-09-05 18:05:51,972 - data.duckdb_transformation - INFO - Successfully ran silver_motorcycle_helmet_laws.sql.
2025-09-05 18:05:51,975 - data.duckdb_transformation - INFO - Running silver_nmcrash.sql...
2025-09-05 18:05:51,975 - data.duckdb_transformation - ERROR - Error running silver_nmcrash.sql: Catalog Error: Table with name bronze_nmcrash does not exist!
Did you mean "bronze_weather"?

LINE 13: WHERE ST_CASE IS NOT NULL AND PER_NO IS NOT NULL;
                      ^
2025-09-05 18:05:51,978 - data.duckdb_transformation - INFO - Running silver_nmdistract.sql...
2025-09-05 18:05:51,979 - data.duckdb_transformation - ERROR - Error running silver_nmdistract.sql: Catalog Error: Table with name bronze_nmdistract does not exist!
Did you mean "bronze_weather"?

LINE 13: WHERE ST_CASE IS NOT NULL AND PER_NO IS NOT NULL;
                   ^
2025-09-05 18:05:51,982 - data.duckdb_transformation - INFO - Running silver_nmimpair.sql...
2025-09-05 18:05:51,983 - data.duckdb_transformation - ERROR - Error running silver_nmimpair.sql: Catalog Error: Table with name bronze_nmimpair does not exist!
Did you mean "bronze_weather"?

LINE 13: WHERE ST_CASE IS NOT NULL AND PER_NO IS NOT NULL;
                     ^
2025-09-05 18:05:51,986 - data.duckdb_transformation - INFO - Running silver_nmprior.sql...
2025-09-05 18:05:51,986 - data.duckdb_transformation - ERROR - Error running silver_nmprior.sql: Catalog Error: Table with name bronze_nmprior does not exist!
Did you mean "bronze_weather"?

LINE 13: WHERE ST_CASE IS NOT NULL AND PER_NO IS NOT NULL;
                      ^
2025-09-05 18:05:51,989 - data.duckdb_transformation - INFO - Running silver_parkwork.sql...
2025-09-05 18:05:51,990 - data.duckdb_transformation - ERROR - Error running silver_parkwork.sql: Catalog Error: Table with name bronze_parkwork does not exist!
Did you mean "bronze_weather"?

LINE 121: WHERE st_case IS NOT NULL AND veh_no IS NOT NULL;
                      ^
2025-09-05 18:05:51,993 - data.duckdb_transformation - INFO - Running silver_pbtype.sql...
2025-09-05 18:05:51,994 - data.duckdb_transformation - ERROR - Error running silver_pbtype.sql: Catalog Error: Table with name bronze_pbtype does not exist!
Did you mean "bronze_weather"?

LINE 51: WHERE ST_CASE IS NOT NULL AND VEH_NO IS NOT NULL AND PER_NO IS NOT NULL;
                       ^
2025-09-05 18:05:51,996 - data.duckdb_transformation - INFO - Running silver_person.sql...
2025-09-05 18:05:51,997 - data.duckdb_transformation - ERROR - Error running silver_person.sql: Catalog Error: Table with name bronze_person does not exist!
Did you mean "bronze_weather"?

LINE 132: WHERE ST_CASE IS NOT NULL AND VEH_NO IS NOT NULL AND PER_NO IS NOT NULL;
                        ^
2025-09-05 18:05:52,000 - data.duckdb_transformation - INFO - Running silver_personrf.sql...
2025-09-05 18:05:52,001 - data.duckdb_transformation - ERROR - Error running silver_personrf.sql: Catalog Error: Table with name bronze_personrf does not exist!
Did you mean "bronze_weather"?

LINE 13: WHERE ST_CASE IS NOT NULL AND VEH_NO IS NOT NULL AND PER_NO IS NOT NULL...
                     ^
2025-09-05 18:05:52,003 - data.duckdb_transformation - INFO - Running silver_pvehiclesf.sql...
2025-09-05 18:05:52,004 - data.duckdb_transformation - ERROR - Error running silver_pvehiclesf.sql: Catalog Error: Table with name bronze_pvehiclesf does not exist!
Did you mean "bronze_weather"?

LINE 12: WHERE ST_CASE IS NOT NULL AND VEH_NO IS NOT NULL;
                   ^
2025-09-05 18:05:52,007 - data.duckdb_transformation - INFO - Running silver_race.sql...
2025-09-05 18:05:52,008 - data.duckdb_transformation - ERROR - Error running silver_race.sql: Catalog Error: Table with name bronze_race does not exist!
Did you mean "bronze_weather"?

LINE 17: WHERE ST_CASE IS NOT NULL AND VEH_NO IS NOT NULL AND PER_NO IS NOT NULL;
                         ^
2025-09-05 18:05:52,010 - data.duckdb_transformation - INFO - Running silver_safetyeq.sql...
2025-09-05 18:05:52,011 - data.duckdb_transformation - ERROR - Error running silver_safetyeq.sql: Catalog Error: Table with name bronze_safetyeq does not exist!
Did you mean "bronze_weather"?

LINE 23: WHERE ST_CASE IS NOT NULL AND VEH_NO IS NOT NULL AND PER_NO IS NOT NULL...
                     ^
2025-09-05 18:05:52,014 - data.duckdb_transformation - INFO - Running silver_vehicle.sql...
2025-09-05 18:05:52,015 - data.duckdb_transformation - ERROR - Error running silver_vehicle.sql: Catalog Error: Table with name bronze_vehicle does not exist!
Did you mean "bronze_weather"?

LINE 209: WHERE ST_CASE IS NOT NULL AND VEH_NO IS NOT NULL;
                       ^
2025-09-05 18:05:52,017 - data.duckdb_transformation - INFO - Running silver_vehiclesf.sql...
2025-09-05 18:05:52,018 - data.duckdb_transformation - ERROR - Error running silver_vehiclesf.sql: Catalog Error: Table with name bronze_vehiclesf does not exist!
Did you mean "bronze_weather"?

LINE 12: WHERE ST_CASE IS NOT NULL AND VEH_NO IS NOT NULL;
                    ^
2025-09-05 18:05:52,021 - data.duckdb_transformation - INFO - Running silver_vevent.sql...
2025-09-05 18:05:52,021 - data.duckdb_transformation - ERROR - Error running silver_vevent.sql: Catalog Error: Table with name bronze_vevent does not exist!
Did you mean "bronze_weather"?

LINE 21: WHERE ST_CASE IS NOT NULL AND VEH_NO IS NOT NULL AND EVENTNUM IS NOT NULL...
                       ^
2025-09-05 18:05:52,024 - data.duckdb_transformation - INFO - Running silver_violatn.sql...
2025-09-05 18:05:52,025 - data.duckdb_transformation - ERROR - Error running silver_violatn.sql: Catalog Error: Table with name bronze_violatn does not exist!
Did you mean "bronze_weather"?

LINE 12: WHERE ST_CASE IS NOT NULL AND VEH_NO IS NOT NULL;
                      ^
2025-09-05 18:05:52,028 - data.duckdb_transformation - INFO - Running silver_vision.sql...
2025-09-05 18:05:52,028 - data.duckdb_transformation - ERROR - Error running silver_vision.sql: Catalog Error: Table with name bronze_vision does not exist!
Did you mean "bronze_weather"?

LINE 12: WHERE st_case IS NOT NULL AND veh_no IS NOT NULL;
                       ^
2025-09-05 18:05:52,031 - data.duckdb_transformation - INFO - Running silver_vpicdecode.sql...
2025-09-05 18:05:52,032 - data.duckdb_transformation - ERROR - Error running silver_vpicdecode.sql: Catalog Error: Table with name bronze_vpicdecode does not exist!
Did you mean "bronze_weather"?

LINE 210: WHERE ST_CASE IS NOT NULL AND VEH_NO IS NOT NULL;
                    ^
2025-09-05 18:05:52,035 - data.duckdb_transformation - INFO - Running silver_vpictrailerdecode.sql...
2025-09-05 18:05:52,035 - data.duckdb_transformation - ERROR - Error running silver_vpictrailerdecode.sql: Catalog Error: Table with name bronze_vpictrailerdecode does not exist!
Did you mean "bronze_weather"?

LINE 48: WHERE ST_CASE IS NOT NULL AND VEH_NO IS NOT NULL AND TRAILER_NO...
            ^
2025-09-05 18:05:52,038 - data.duckdb_transformation - INFO - Running silver_vsoe.sql...
2025-09-05 18:05:52,039 - data.duckdb_transformation - ERROR - Error running silver_vsoe.sql: Catalog Error: Table with name bronze_vsoe does not exist!
Did you mean "bronze_weather"?

LINE 15: WHERE ST_CASE IS NOT NULL AND VEH_NO IS NOT NULL AND VEVENTNUM IS NOT NULL;
                         ^
2025-09-05 18:05:52,041 - data.duckdb_transformation - INFO - Running silver_weather.sql...
2025-09-05 18:05:52,106 - data.duckdb_transformation - INFO - Successfully ran silver_weather.sql.
2025-09-05 20:19:56,338 - data.duckdb_transformation - INFO - Running silver.cevent.sql...
2025-09-05 20:19:56,636 - data.duckdb_transformation - INFO - Successfully ran silver.cevent.sql.
2025-09-05 20:19:56,639 - data.duckdb_transformation - INFO - Running silver_accident.sql...
2025-09-05 20:19:57,491 - data.duckdb_transformation - INFO - Successfully ran silver_accident.sql.
2025-09-05 20:19:57,494 - data.duckdb_transformation - INFO - Running silver_crashrf.sql...
2025-09-05 20:19:57,549 - data.duckdb_transformation - INFO - Successfully ran silver_crashrf.sql.
2025-09-05 20:19:57,552 - data.duckdb_transformation - INFO - Running silver_damage.sql...
2025-09-05 20:19:57,795 - data.duckdb_transformation - INFO - Successfully ran silver_damage.sql.
2025-09-05 20:19:57,798 - data.duckdb_transformation - INFO - Running silver_distract.sql...
2025-09-05 20:19:57,866 - data.duckdb_transformation - INFO - Successfully ran silver_distract.sql.
2025-09-05 20:19:57,869 - data.duckdb_transformation - INFO - Running silver_drimpair.sql...
2025-09-05 20:19:57,941 - data.duckdb_transformation - INFO - Successfully ran silver_drimpair.sql.
2025-09-05 20:19:57,944 - data.duckdb_transformation - INFO - Running silver_driverrrf.sql...
2025-09-05 20:19:58,005 - data.duckdb_transformation - INFO - Successfully ran silver_driverrrf.sql.
2025-09-05 20:19:58,007 - data.duckdb_transformation - INFO - Running silver_drugs.sql...
2025-09-05 20:19:58,267 - data.duckdb_transformation - INFO - Successfully ran silver_drugs.sql.
2025-09-05 20:19:58,270 - data.duckdb_transformation - INFO - Running silver_factor.sql...
2025-09-05 20:19:58,333 - data.duckdb_transformation - INFO - Successfully ran silver_factor.sql.
2025-09-05 20:19:58,336 - data.duckdb_transformation - INFO - Running silver_maneuver.sql...
2025-09-05 20:19:58,398 - data.duckdb_transformation - INFO - Successfully ran silver_maneuver.sql.
2025-09-05 20:19:58,401 - data.duckdb_transformation - INFO - Running silver_miacc.sql...
2025-09-05 20:19:58,468 - data.duckdb_transformation - INFO - Successfully ran silver_miacc.sql.
2025-09-05 20:19:58,471 - data.duckdb_transformation - INFO - Running silver_midrvacc.sql...
2025-09-05 20:19:58,541 - data.duckdb_transformation - INFO - Successfully ran silver_midrvacc.sql.
2025-09-05 20:19:58,543 - data.duckdb_transformation - INFO - Running silver_miper.sql...
2025-09-05 20:19:58,761 - data.duckdb_transformation - INFO - Successfully ran silver_miper.sql.
2025-09-05 20:19:58,764 - data.duckdb_transformation - INFO - Running silver_motorcycle_helmet_laws.sql...
2025-09-05 20:19:58,773 - data.duckdb_transformation - INFO - Successfully ran silver_motorcycle_helmet_laws.sql.
2025-09-05 20:19:58,775 - data.duckdb_transformation - INFO - Running silver_nmcrash.sql...
2025-09-05 20:19:58,841 - data.duckdb_transformation - INFO - Successfully ran silver_nmcrash.sql.
2025-09-05 20:19:58,843 - data.duckdb_transformation - INFO - Running silver_nmdistract.sql...
2025-09-05 20:19:58,883 - data.duckdb_transformation - INFO - Successfully ran silver_nmdistract.sql.
2025-09-05 20:19:58,885 - data.duckdb_transformation - INFO - Running silver_nmimpair.sql...
2025-09-05 20:19:58,927 - data.duckdb_transformation - INFO - Successfully ran silver_nmimpair.sql.
2025-09-05 20:19:58,930 - data.duckdb_transformation - INFO - Running silver_nmprior.sql...
2025-09-05 20:19:58,975 - data.duckdb_transformation - INFO - Successfully ran silver_nmprior.sql.
2025-09-05 20:19:58,978 - data.duckdb_transformation - INFO - Running silver_parkwork.sql...
2025-09-05 20:19:59,286 - data.duckdb_transformation - INFO - Successfully ran silver_parkwork.sql.
2025-09-05 20:19:59,289 - data.duckdb_transformation - INFO - Running silver_pbtype.sql...
2025-09-05 20:19:59,613 - data.duckdb_transformation - INFO - Successfully ran silver_pbtype.sql.
2025-09-05 20:19:59,616 - data.duckdb_transformation - INFO - Running silver_person.sql...
2025-09-05 20:20:01,627 - data.duckdb_transformation - INFO - Successfully ran silver_person.sql.
2025-09-05 20:20:01,631 - data.duckdb_transformation - INFO - Running silver_personrf.sql...
2025-09-05 20:20:01,881 - data.duckdb_transformation - INFO - Successfully ran silver_personrf.sql.
2025-09-05 20:20:01,884 - data.duckdb_transformation - INFO - Running silver_pvehiclesf.sql...
2025-09-05 20:20:01,898 - data.duckdb_transformation - INFO - Successfully ran silver_pvehiclesf.sql.
2025-09-05 20:20:01,901 - data.duckdb_transformation - INFO - Running silver_race.sql...
2025-09-05 20:20:02,185 - data.duckdb_transformation - INFO - Successfully ran silver_race.sql.
2025-09-05 20:20:02,188 - data.duckdb_transformation - INFO - Running silver_safetyeq.sql...
2025-09-05 20:20:02,284 - data.duckdb_transformation - INFO - Successfully ran silver_safetyeq.sql.
2025-09-05 20:20:02,287 - data.duckdb_transformation - INFO - Running silver_vehicle.sql...
2025-09-05 20:20:03,721 - data.duckdb_transformation - INFO - Successfully ran silver_vehicle.sql.
2025-09-05 20:20:03,724 - data.duckdb_transformation - INFO - Running silver_vehiclesf.sql...
2025-09-05 20:20:03,805 - data.duckdb_transformation - INFO - Successfully ran silver_vehiclesf.sql.
2025-09-05 20:20:03,808 - data.duckdb_transformation - INFO - Running silver_vevent.sql...
2025-09-05 20:20:04,177 - data.duckdb_transformation - INFO - Successfully ran silver_vevent.sql.
2025-09-05 20:20:04,180 - data.duckdb_transformation - INFO - Running silver_violatn.sql...
2025-09-05 20:20:04,259 - data.duckdb_transformation - INFO - Successfully ran silver_violatn.sql.
2025-09-05 20:20:04,263 - data.duckdb_transformation - INFO - Running silver_vision.sql...
2025-09-05 20:20:04,332 - data.duckdb_transformation - INFO - Successfully ran silver_vision.sql.
2025-09-05 20:20:04,335 - data.duckdb_transformation - INFO - Running silver_vpicdecode.sql...
2025-09-05 20:20:06,354 - data.duckdb_transformation - INFO - Successfully ran silver_vpicdecode.sql.
2025-09-05 20:20:06,356 - data.duckdb_transformation - INFO - Running silver_vpictrailerdecode.sql...
2025-09-05 20:20:06,407 - data.duckdb_transformation - INFO - Successfully ran silver_vpictrailerdecode.sql.
2025-09-05 20:20:06,410 - data.duckdb_transformation - INFO - Running silver_vsoe.sql...
2025-09-05 20:20:06,727 - data.duckdb_transformation - INFO - Successfully ran silver_vsoe.sql.
2025-09-05 20:20:06,730 - data.duckdb_transformation - INFO - Running silver_weather.sql...
2025-09-05 20:20:06,784 - data.duckdb_transformation - INFO - Successfully ran silver_weather.sql.
2025-09-08 12:19:29,674 - __main__ - INFO - Last transformation run: None
2025-09-08 12:19:29,675 - __main__ - INFO - 158 new files ingested since last transformation. Running transformations.
2025-09-08 12:19:29,675 - __main__ - INFO - Running analysis.cevent.sql...
2025-09-08 12:19:29,682 - __main__ - ERROR - Error running analysis.cevent.sql: Catalog Error: Table with name silver_cevent does not exist!
Did you mean "bronze.bronze_cevent"?
2025-09-08 12:19:29,682 - __main__ - INFO - Running analysis_accident.sql...
2025-09-08 12:19:29,682 - __main__ - ERROR - Error running analysis_accident.sql: Catalog Error: Table with name silver_accident does not exist!
Did you mean "bronze.bronze_accident"?
2025-09-08 12:19:29,683 - __main__ - INFO - Running analysis_crashrf.sql...
2025-09-08 12:19:29,683 - __main__ - ERROR - Error running analysis_crashrf.sql: Catalog Error: Table with name silver_crashrf does not exist!
Did you mean "bronze.bronze_crashrf"?
2025-09-08 12:19:29,684 - __main__ - INFO - Running analysis_damage.sql...
2025-09-08 12:19:29,684 - __main__ - ERROR - Error running analysis_damage.sql: Catalog Error: Table with name silver_damage does not exist!
Did you mean "bronze.bronze_damage"?
2025-09-08 12:19:29,684 - __main__ - INFO - Running analysis_distract.sql...
2025-09-08 12:19:29,685 - __main__ - ERROR - Error running analysis_distract.sql: Catalog Error: Table with name silver_distract does not exist!
Did you mean "bronze.bronze_distract"?
2025-09-08 12:19:29,685 - __main__ - INFO - Running analysis_drimpair.sql...
2025-09-08 12:19:29,686 - __main__ - ERROR - Error running analysis_drimpair.sql: Catalog Error: Table with name silver_drimpair does not exist!
Did you mean "bronze.bronze_drimpair"?
2025-09-08 12:19:29,686 - __main__ - INFO - Running analysis_driverrrf.sql...
2025-09-08 12:19:29,686 - __main__ - ERROR - Error running analysis_driverrrf.sql: Catalog Error: Table with name silver_driverrf does not exist!
Did you mean "bronze.bronze_driverrf"?
2025-09-08 12:19:29,686 - __main__ - INFO - Running analysis_drugs.sql...
2025-09-08 12:19:29,687 - __main__ - ERROR - Error running analysis_drugs.sql: Catalog Error: Table with name silver_drugs does not exist!
Did you mean "bronze.bronze_drugs"?
2025-09-08 12:19:29,687 - __main__ - INFO - Running analysis_factor.sql...
2025-09-08 12:19:29,688 - __main__ - ERROR - Error running analysis_factor.sql: Catalog Error: Table with name silver_factor does not exist!
Did you mean "bronze.bronze_factor"?
2025-09-08 12:19:29,688 - __main__ - INFO - Running analysis_maneuver.sql...
2025-09-08 12:19:29,688 - __main__ - ERROR - Error running analysis_maneuver.sql: Catalog Error: Table with name silver_maneuver does not exist!
Did you mean "main.sqlite_master"?
2025-09-08 12:19:29,689 - __main__ - INFO - Running analysis_miacc.sql...
2025-09-08 12:19:29,689 - __main__ - ERROR - Error running analysis_miacc.sql: Catalog Error: Table with name silver_miacc does not exist!
Did you mean "bronze.bronze_miacc"?
2025-09-08 12:19:29,689 - __main__ - INFO - Running analysis_midrvacc.sql...
2025-09-08 12:19:29,690 - __main__ - ERROR - Error running analysis_midrvacc.sql: Catalog Error: Table with name silver_midrvacc does not exist!
Did you mean "bronze.bronze_midrvacc"?
2025-09-08 12:19:29,690 - __main__ - INFO - Running analysis_miper.sql...
2025-09-08 12:19:29,691 - __main__ - ERROR - Error running analysis_miper.sql: Catalog Error: Table with name silver_miper does not exist!
Did you mean "main.sqlite_master"?
2025-09-08 12:19:29,691 - __main__ - INFO - Running analysis_motorcycle_helmet_laws.sql...
2025-09-08 12:19:29,691 - __main__ - ERROR - Error running analysis_motorcycle_helmet_laws.sql: Catalog Error: Table with name silver_motorcycle_helmet_laws does not exist!
Did you mean "bronze.bronze_motorcycle_helmet_laws"?
2025-09-08 12:19:29,692 - __main__ - INFO - Running analysis_nmcrash.sql...
2025-09-08 12:19:29,692 - __main__ - ERROR - Error running analysis_nmcrash.sql: Catalog Error: Table with name silver_nmcrash does not exist!
Did you mean "main.sqlite_schema"?
2025-09-08 12:19:29,693 - __main__ - INFO - Running analysis_nmdistract.sql...
2025-09-08 12:19:29,693 - __main__ - ERROR - Error running analysis_nmdistract.sql: Catalog Error: Table with name silver_nmdistract does not exist!
Did you mean "bronze.bronze_nmdistract"?
2025-09-08 12:19:29,694 - __main__ - INFO - Running analysis_nmimpair.sql...
2025-09-08 12:19:29,694 - __main__ - ERROR - Error running analysis_nmimpair.sql: Catalog Error: Table with name silver_nmimpair does not exist!
Did you mean "bronze.bronze_nmimpair"?
2025-09-08 12:19:29,694 - __main__ - INFO - Running analysis_nmprior.sql...
2025-09-08 12:19:29,695 - __main__ - ERROR - Error running analysis_nmprior.sql: Catalog Error: Table with name silver_nmprior does not exist!
Did you mean "bronze.bronze_nmprior"?
2025-09-08 12:19:29,695 - __main__ - INFO - Running analysis_parkwork.sql...
2025-09-08 12:19:29,696 - __main__ - ERROR - Error running analysis_parkwork.sql: Catalog Error: Table with name silver_parkwork does not exist!
Did you mean "bronze.bronze_parkwork"?
2025-09-08 12:19:29,696 - __main__ - INFO - Running analysis_pbtype.sql...
2025-09-08 12:19:29,697 - __main__ - ERROR - Error running analysis_pbtype.sql: Catalog Error: Table with name silver_pbtype does not exist!
Did you mean "bronze.bronze_pbtype"?
2025-09-08 12:19:29,697 - __main__ - INFO - Running analysis_person.sql...
2025-09-08 12:19:29,698 - __main__ - ERROR - Error running analysis_person.sql: Catalog Error: Table with name silver_person does not exist!
Did you mean "bronze.bronze_person"?
2025-09-08 12:19:29,699 - __main__ - INFO - Running analysis_personrf.sql...
2025-09-08 12:19:29,699 - __main__ - ERROR - Error running analysis_personrf.sql: Catalog Error: Table with name silver_personrf does not exist!
Did you mean "bronze.bronze_personrf"?
2025-09-08 12:19:29,699 - __main__ - INFO - Running analysis_pvehiclesf.sql...
2025-09-08 12:19:29,700 - __main__ - ERROR - Error running analysis_pvehiclesf.sql: Catalog Error: Table with name silver_pvehiclesf does not exist!
Did you mean "bronze.bronze_pvehiclesf"?
2025-09-08 12:19:29,700 - __main__ - INFO - Running analysis_race.sql...
2025-09-08 12:19:29,700 - __main__ - ERROR - Error running analysis_race.sql: Catalog Error: Table with name silver_race does not exist!
Did you mean "bronze.bronze_race"?
2025-09-08 12:19:29,700 - __main__ - INFO - Running analysis_safetyeq.sql...
2025-09-08 12:19:29,701 - __main__ - ERROR - Error running analysis_safetyeq.sql: Catalog Error: Table with name silver_safetyeq does not exist!
Did you mean "bronze.bronze_safetyeq"?
2025-09-08 12:19:29,701 - __main__ - INFO - Running analysis_vehicle.sql...
2025-09-08 12:19:29,702 - __main__ - ERROR - Error running analysis_vehicle.sql: Catalog Error: Table with name silver_vehicle does not exist!
Did you mean "bronze.bronze_vehicle"?
2025-09-08 12:19:29,702 - __main__ - INFO - Running analysis_vehiclesf.sql...
2025-09-08 12:19:29,703 - __main__ - ERROR - Error running analysis_vehiclesf.sql: Catalog Error: Table with name silver_vehiclesf does not exist!
Did you mean "bronze.bronze_vehiclesf"?
2025-09-08 12:19:29,703 - __main__ - INFO - Running analysis_vevent.sql...
2025-09-08 12:19:29,704 - __main__ - ERROR - Error running analysis_vevent.sql: Catalog Error: Table with name silver_vevent does not exist!
Did you mean "bronze.bronze_vevent"?
2025-09-08 12:19:29,704 - __main__ - INFO - Running analysis_violatn.sql...
2025-09-08 12:19:29,704 - __main__ - ERROR - Error running analysis_violatn.sql: Catalog Error: Table with name silver_violatn does not exist!
Did you mean "bronze.bronze_violatn"?
2025-09-08 12:19:29,706 - __main__ - INFO - Running analysis_vision.sql...
2025-09-08 12:19:29,706 - __main__ - ERROR - Error running analysis_vision.sql: Catalog Error: Table with name silver_vision does not exist!
Did you mean "bronze.bronze_vision"?
2025-09-08 12:19:29,707 - __main__ - INFO - Running analysis_vpicdecode.sql...
2025-09-08 12:19:29,707 - __main__ - ERROR - Error running analysis_vpicdecode.sql: Catalog Error: Table with name silver_vpicdecode does not exist!
Did you mean "bronze.bronze_vpicdecode"?
2025-09-08 12:19:29,708 - __main__ - INFO - Running analysis_vpictrailerdecode.sql...
2025-09-08 12:19:29,708 - __main__ - ERROR - Error running analysis_vpictrailerdecode.sql: Catalog Error: Table with name silver_vpictrailerdecode does not exist!
Did you mean "bronze.bronze_vpictrailerdecode"?
2025-09-08 12:19:29,709 - __main__ - INFO - Running analysis_vsoe.sql...
2025-09-08 12:19:29,709 - __main__ - ERROR - Error running analysis_vsoe.sql: Catalog Error: Table with name silver_vsoe does not exist!
Did you mean "bronze.bronze_vsoe"?
2025-09-08 12:19:29,709 - __main__ - INFO - Running analysis_weather.sql...
2025-09-08 12:19:29,710 - __main__ - ERROR - Error running analysis_weather.sql: Catalog Error: Table with name silver_weather does not exist!
Did you mean "bronze.bronze_weather"?
2025-09-08 12:19:29,710 - __main__ - ERROR - Transformation run failed. last_run not updated.
2025-09-08 14:30:58,180 - __main__ - INFO - Last transformation run: None
2025-09-08 14:30:58,181 - __main__ - INFO - 158 new files ingested since last transformation. Running transformations.
2025-09-08 14:30:58,181 - __main__ - INFO - Running analysis.cevent.sql...
2025-09-08 14:30:58,188 - __main__ - ERROR - Error running analysis.cevent.sql: Catalog Error: Table with name silver_cevent does not exist!
Did you mean "silver_race"?
2025-09-08 14:30:58,189 - __main__ - INFO - Running analysis_accident.sql...
2025-09-08 14:30:58,189 - __main__ - ERROR - Error running analysis_accident.sql: Catalog Error: Table with name silver_accident does not exist!
Did you mean "silver_race"?
2025-09-08 14:30:58,189 - __main__ - INFO - Running analysis_crashrf.sql...
2025-09-08 14:30:58,190 - __main__ - ERROR - Error running analysis_crashrf.sql: Catalog Error: Table with name silver_crashrf does not exist!
Did you mean "silver_race"?
2025-09-08 14:30:58,190 - __main__ - INFO - Running analysis_damage.sql...
2025-09-08 14:30:58,190 - __main__ - ERROR - Error running analysis_damage.sql: Catalog Error: Table with name silver_damage does not exist!
Did you mean "silver_race"?
2025-09-08 14:30:58,191 - __main__ - INFO - Running analysis_distract.sql...
2025-09-08 14:30:58,191 - __main__ - ERROR - Error running analysis_distract.sql: Catalog Error: Table with name silver_distract does not exist!
Did you mean "silver_race"?
2025-09-08 14:30:58,192 - __main__ - INFO - Running analysis_drimpair.sql...
2025-09-08 14:30:58,192 - __main__ - ERROR - Error running analysis_drimpair.sql: Catalog Error: Table with name silver_drimpair does not exist!
Did you mean "silver_race"?
2025-09-08 14:30:58,192 - __main__ - INFO - Running analysis_driverrrf.sql...
2025-09-08 14:30:58,193 - __main__ - ERROR - Error running analysis_driverrrf.sql: Catalog Error: Table with name silver_driverrf does not exist!
Did you mean "silver_race"?
2025-09-08 14:30:58,193 - __main__ - INFO - Running analysis_drugs.sql...
2025-09-08 14:30:58,194 - __main__ - ERROR - Error running analysis_drugs.sql: Catalog Error: Table with name silver_drugs does not exist!
Did you mean "silver_race"?
2025-09-08 14:30:58,194 - __main__ - INFO - Running analysis_factor.sql...
2025-09-08 14:30:58,194 - __main__ - ERROR - Error running analysis_factor.sql: Catalog Error: Table with name silver_factor does not exist!
Did you mean "silver_race"?
2025-09-08 14:30:58,195 - __main__ - INFO - Running analysis_maneuver.sql...
2025-09-08 14:30:58,195 - __main__ - ERROR - Error running analysis_maneuver.sql: Catalog Error: Table with name silver_maneuver does not exist!
Did you mean "silver_race"?
2025-09-08 14:30:58,195 - __main__ - INFO - Running analysis_miacc.sql...
2025-09-08 14:30:58,195 - __main__ - ERROR - Error running analysis_miacc.sql: Catalog Error: Table with name silver_miacc does not exist!
Did you mean "silver_race"?
2025-09-08 14:30:58,196 - __main__ - INFO - Running analysis_midrvacc.sql...
2025-09-08 14:30:58,196 - __main__ - ERROR - Error running analysis_midrvacc.sql: Catalog Error: Table with name silver_midrvacc does not exist!
Did you mean "silver_race"?
2025-09-08 14:30:58,196 - __main__ - INFO - Running analysis_miper.sql...
2025-09-08 14:30:58,197 - __main__ - ERROR - Error running analysis_miper.sql: Catalog Error: Table with name silver_miper does not exist!
Did you mean "silver_race"?
2025-09-08 14:30:58,197 - __main__ - INFO - Running analysis_motorcycle_helmet_laws.sql...
2025-09-08 14:30:58,198 - __main__ - ERROR - Error running analysis_motorcycle_helmet_laws.sql: Catalog Error: Table with name silver_motorcycle_helmet_laws does not exist!
Did you mean "silver_race"?
2025-09-08 14:30:58,198 - __main__ - INFO - Running analysis_nmcrash.sql...
2025-09-08 14:30:58,198 - __main__ - ERROR - Error running analysis_nmcrash.sql: Catalog Error: Table with name silver_nmcrash does not exist!
Did you mean "silver_race"?
2025-09-08 14:30:58,199 - __main__ - INFO - Running analysis_nmdistract.sql...
2025-09-08 14:30:58,199 - __main__ - ERROR - Error running analysis_nmdistract.sql: Catalog Error: Table with name silver_nmdistract does not exist!
Did you mean "silver_race"?
2025-09-08 14:30:58,199 - __main__ - INFO - Running analysis_nmimpair.sql...
2025-09-08 14:30:58,200 - __main__ - ERROR - Error running analysis_nmimpair.sql: Catalog Error: Table with name silver_nmimpair does not exist!
Did you mean "silver_race"?
2025-09-08 14:30:58,200 - __main__ - INFO - Running analysis_nmprior.sql...
2025-09-08 14:30:58,200 - __main__ - ERROR - Error running analysis_nmprior.sql: Catalog Error: Table with name silver_nmprior does not exist!
Did you mean "silver_race"?
2025-09-08 14:30:58,200 - __main__ - INFO - Running analysis_parkwork.sql...
2025-09-08 14:30:58,201 - __main__ - ERROR - Error running analysis_parkwork.sql: Catalog Error: Table with name silver_parkwork does not exist!
Did you mean "silver_race"?
2025-09-08 14:30:58,202 - __main__ - INFO - Running analysis_pbtype.sql...
2025-09-08 14:30:58,202 - __main__ - ERROR - Error running analysis_pbtype.sql: Catalog Error: Table with name silver_pbtype does not exist!
Did you mean "silver_race"?
2025-09-08 14:30:58,202 - __main__ - INFO - Running analysis_person.sql...
2025-09-08 14:30:58,203 - __main__ - ERROR - Error running analysis_person.sql: Catalog Error: Table with name silver_person does not exist!
Did you mean "silver_race"?
2025-09-08 14:30:58,204 - __main__ - INFO - Running analysis_personrf.sql...
2025-09-08 14:30:58,204 - __main__ - ERROR - Error running analysis_personrf.sql: Catalog Error: Table with name silver_personrf does not exist!
Did you mean "silver_race"?
2025-09-08 14:30:58,204 - __main__ - INFO - Running analysis_pvehiclesf.sql...
2025-09-08 14:30:58,205 - __main__ - ERROR - Error running analysis_pvehiclesf.sql: Catalog Error: Table with name silver_pvehiclesf does not exist!
Did you mean "silver_race"?
2025-09-08 14:30:58,205 - __main__ - INFO - Running analysis_race.sql...
2025-09-08 14:30:58,206 - __main__ - ERROR - Error running analysis_race.sql: Binder Error: Referenced column "ORDERNAME" not found in FROM clause!
Candidate bindings: "ORDER", "RACENAME", "STATENAME", "RACE", "MULTRACE"

LINE 14:         TRY_CAST(MULTRACE AS INTEGER) AS multrace,
                     ^
2025-09-08 14:30:58,206 - __main__ - INFO - Running analysis_safetyeq.sql...
2025-09-08 14:30:58,207 - __main__ - ERROR - Error running analysis_safetyeq.sql: Catalog Error: Table with name silver_safetyeq does not exist!
Did you mean "silver_race"?
2025-09-08 14:30:58,207 - __main__ - INFO - Running analysis_vehicle.sql...
2025-09-08 14:30:58,208 - __main__ - ERROR - Error running analysis_vehicle.sql: Catalog Error: Table with name silver_vehicle does not exist!
Did you mean "silver_race"?
2025-09-08 14:30:58,208 - __main__ - INFO - Running analysis_vehiclesf.sql...
2025-09-08 14:30:58,209 - __main__ - ERROR - Error running analysis_vehiclesf.sql: Catalog Error: Table with name silver_vehiclesf does not exist!
Did you mean "silver_race"?
2025-09-08 14:30:58,209 - __main__ - INFO - Running analysis_vevent.sql...
2025-09-08 14:30:58,210 - __main__ - ERROR - Error running analysis_vevent.sql: Catalog Error: Table with name silver_vevent does not exist!
Did you mean "silver_race"?
2025-09-08 14:30:58,210 - __main__ - INFO - Running analysis_violatn.sql...
2025-09-08 14:30:58,210 - __main__ - ERROR - Error running analysis_violatn.sql: Catalog Error: Table with name silver_violatn does not exist!
Did you mean "silver_race"?
2025-09-08 14:30:58,211 - __main__ - INFO - Running analysis_vision.sql...
2025-09-08 14:30:58,211 - __main__ - ERROR - Error running analysis_vision.sql: Catalog Error: Table with name silver_vision does not exist!
Did you mean "silver_race"?
2025-09-08 14:30:58,211 - __main__ - INFO - Running analysis_vpicdecode.sql...
2025-09-08 14:30:58,212 - __main__ - ERROR - Error running analysis_vpicdecode.sql: Catalog Error: Table with name silver_vpicdecode does not exist!
Did you mean "silver_race"?
2025-09-08 14:30:58,212 - __main__ - INFO - Running analysis_vpictrailerdecode.sql...
2025-09-08 14:30:58,213 - __main__ - ERROR - Error running analysis_vpictrailerdecode.sql: Catalog Error: Table with name silver_vpictrailerdecode does not exist!
Did you mean "silver_race"?
2025-09-08 14:30:58,213 - __main__ - INFO - Running analysis_vsoe.sql...
2025-09-08 14:30:58,213 - __main__ - ERROR - Error running analysis_vsoe.sql: Catalog Error: Table with name silver_vsoe does not exist!
Did you mean "silver_race"?
2025-09-08 14:30:58,214 - __main__ - INFO - Running analysis_weather.sql...
2025-09-08 14:30:58,214 - __main__ - ERROR - Error running analysis_weather.sql: Catalog Error: Table with name silver_weather does not exist!
Did you mean "silver_race"?
2025-09-08 14:30:58,214 - __main__ - ERROR - Transformation run failed. last_run not updated.
2025-09-08 14:41:05,441 - __main__ - INFO - Last transformation run: None
2025-09-08 14:41:05,441 - __main__ - INFO - 158 new files ingested since last transformation. Running transformations.
2025-09-08 14:41:05,441 - __main__ - INFO - Running analysis.cevent.sql...
2025-09-08 14:41:06,068 - __main__ - INFO - Successfully ran analysis.cevent.sql.
2025-09-08 14:41:06,068 - __main__ - INFO - Running analysis_accident.sql...
2025-09-08 14:41:07,655 - __main__ - INFO - Successfully ran analysis_accident.sql.
2025-09-08 14:41:07,656 - __main__ - INFO - Running analysis_crashrf.sql...
2025-09-08 14:41:07,736 - __main__ - INFO - Successfully ran analysis_crashrf.sql.
2025-09-08 14:41:07,737 - __main__ - INFO - Running analysis_damage.sql...
2025-09-08 14:41:07,738 - __main__ - ERROR - Error running analysis_damage.sql: Binder Error: Column "DAMAGE" referenced that exists in the SELECT clause - but this column cannot be referenced before it is defined
2025-09-08 14:41:07,739 - __main__ - INFO - Running analysis_distract.sql...
2025-09-08 14:41:07,739 - __main__ - ERROR - Error running analysis_distract.sql: Binder Error: Column "DRDISTRACT" referenced that exists in the SELECT clause - but this column cannot be referenced before it is defined
2025-09-08 14:41:07,739 - __main__ - INFO - Running analysis_drimpair.sql...
2025-09-08 14:41:07,902 - __main__ - INFO - Successfully ran analysis_drimpair.sql.
2025-09-08 14:41:07,902 - __main__ - INFO - Running analysis_driverrrf.sql...
2025-09-08 14:41:08,044 - __main__ - INFO - Successfully ran analysis_driverrrf.sql.
2025-09-08 14:41:08,044 - __main__ - INFO - Running analysis_drugs.sql...
2025-09-08 14:41:08,044 - __main__ - ERROR - Error running analysis_drugs.sql: Binder Error: Column "DRUGMETHOD" referenced that exists in the SELECT clause - but this column cannot be referenced before it is defined
2025-09-08 14:41:08,045 - __main__ - INFO - Running analysis_factor.sql...
2025-09-08 14:41:08,045 - __main__ - ERROR - Error running analysis_factor.sql: Binder Error: Column "VEHICLECC" referenced that exists in the SELECT clause - but this column cannot be referenced before it is defined
2025-09-08 14:41:08,046 - __main__ - INFO - Running analysis_maneuver.sql...
2025-09-08 14:41:08,046 - __main__ - ERROR - Error running analysis_maneuver.sql: Binder Error: Column "MANEUVER" referenced that exists in the SELECT clause - but this column cannot be referenced before it is defined
2025-09-08 14:41:08,046 - __main__ - INFO - Running analysis_miacc.sql...
2025-09-08 14:41:08,147 - __main__ - INFO - Successfully ran analysis_miacc.sql.
2025-09-08 14:41:08,147 - __main__ - INFO - Running analysis_midrvacc.sql...
2025-09-08 14:41:08,255 - __main__ - INFO - Successfully ran analysis_midrvacc.sql.
2025-09-08 14:41:08,256 - __main__ - INFO - Running analysis_miper.sql...
2025-09-08 14:41:08,553 - __main__ - INFO - Successfully ran analysis_miper.sql.
2025-09-08 14:41:08,553 - __main__ - INFO - Running analysis_motorcycle_helmet_laws.sql...
2025-09-08 14:41:08,558 - __main__ - INFO - Successfully ran analysis_motorcycle_helmet_laws.sql.
2025-09-08 14:41:08,559 - __main__ - INFO - Running analysis_nmcrash.sql...
2025-09-08 14:41:08,559 - __main__ - ERROR - Error running analysis_nmcrash.sql: Binder Error: Column "NMCC" referenced that exists in the SELECT clause - but this column cannot be referenced before it is defined
2025-09-08 14:41:08,559 - __main__ - INFO - Running analysis_nmdistract.sql...
2025-09-08 14:41:08,561 - __main__ - ERROR - Error running analysis_nmdistract.sql: Binder Error: Column "NMDISTRACT" referenced that exists in the SELECT clause - but this column cannot be referenced before it is defined
2025-09-08 14:41:08,561 - __main__ - INFO - Running analysis_nmimpair.sql...
2025-09-08 14:41:08,586 - __main__ - INFO - Successfully ran analysis_nmimpair.sql.
2025-09-08 14:41:08,586 - __main__ - INFO - Running analysis_nmprior.sql...
2025-09-08 14:41:08,587 - __main__ - ERROR - Error running analysis_nmprior.sql: Binder Error: Column "NMACTION" referenced that exists in the SELECT clause - but this column cannot be referenced before it is defined
2025-09-08 14:41:08,587 - __main__ - INFO - Running analysis_parkwork.sql...
2025-09-08 14:41:08,589 - __main__ - ERROR - Error running analysis_parkwork.sql: Binder Error: Column "PVPICMAKE" referenced that exists in the SELECT clause - but this column cannot be referenced before it is defined
2025-09-08 14:41:08,589 - __main__ - INFO - Running analysis_pbtype.sql...
2025-09-08 14:41:08,896 - __main__ - INFO - Successfully ran analysis_pbtype.sql.
2025-09-08 14:41:08,896 - __main__ - INFO - Running analysis_person.sql...
2025-09-08 14:41:08,899 - __main__ - ERROR - Error running analysis_person.sql: Binder Error: Column "VPICMAKE" referenced that exists in the SELECT clause - but this column cannot be referenced before it is defined
2025-09-08 14:41:08,899 - __main__ - INFO - Running analysis_personrf.sql...
2025-09-08 14:41:09,146 - __main__ - INFO - Successfully ran analysis_personrf.sql.
2025-09-08 14:41:09,146 - __main__ - INFO - Running analysis_pvehiclesf.sql...
2025-09-08 14:41:09,155 - __main__ - INFO - Successfully ran analysis_pvehiclesf.sql.
2025-09-08 14:41:09,155 - __main__ - INFO - Running analysis_race.sql...
2025-09-08 14:41:09,162 - __main__ - ERROR - Error running analysis_race.sql: Catalog Error: Table with name analysis_race does not exist!
Did you mean "analysis_factor"?
2025-09-08 14:41:09,162 - __main__ - INFO - Running analysis_safetyeq.sql...
2025-09-08 14:41:09,211 - __main__ - INFO - Successfully ran analysis_safetyeq.sql.
2025-09-08 14:41:09,212 - __main__ - INFO - Running analysis_vehicle.sql...
2025-09-08 14:41:09,215 - __main__ - ERROR - Error running analysis_vehicle.sql: Binder Error: Column "VPICMAKE" referenced that exists in the SELECT clause - but this column cannot be referenced before it is defined
2025-09-08 14:41:09,215 - __main__ - INFO - Running analysis_vehiclesf.sql...
2025-09-08 14:41:09,332 - __main__ - INFO - Successfully ran analysis_vehiclesf.sql.
2025-09-08 14:41:09,333 - __main__ - INFO - Running analysis_vevent.sql...
2025-09-08 14:41:10,263 - __main__ - INFO - Successfully ran analysis_vevent.sql.
2025-09-08 14:41:10,264 - __main__ - INFO - Running analysis_violatn.sql...
2025-09-08 14:41:10,265 - __main__ - ERROR - Error running analysis_violatn.sql: Binder Error: Column "VIOLATION" referenced that exists in the SELECT clause - but this column cannot be referenced before it is defined
2025-09-08 14:41:10,265 - __main__ - INFO - Running analysis_vision.sql...
2025-09-08 14:41:10,266 - __main__ - ERROR - Error running analysis_vision.sql: Binder Error: Column "VISION" referenced that exists in the SELECT clause - but this column cannot be referenced before it is defined
2025-09-08 14:41:10,266 - __main__ - INFO - Running analysis_vpicdecode.sql...
2025-09-08 14:41:10,268 - __main__ - ERROR - Error running analysis_vpicdecode.sql: Binder Error: Column "NONLANDUSEID" referenced that exists in the SELECT clause - but this column cannot be referenced before it is defined
2025-09-08 14:41:10,268 - __main__ - INFO - Running analysis_vpictrailerdecode.sql...
2025-09-08 14:41:10,269 - __main__ - ERROR - Error running analysis_vpictrailerdecode.sql: Binder Error: Column "NONLANDUSEID" referenced that exists in the SELECT clause - but this column cannot be referenced before it is defined
2025-09-08 14:41:10,270 - __main__ - INFO - Running analysis_vsoe.sql...
2025-09-08 14:41:10,957 - __main__ - INFO - Successfully ran analysis_vsoe.sql.
2025-09-08 14:41:10,957 - __main__ - INFO - Running analysis_weather.sql...
2025-09-08 14:41:11,040 - __main__ - INFO - Successfully ran analysis_weather.sql.
2025-09-08 14:41:11,040 - __main__ - ERROR - Transformation run failed. last_run not updated.
2025-09-08 14:53:33,310 - __main__ - INFO - Last transformation run: None
2025-09-08 14:53:33,310 - __main__ - INFO - 158 new files ingested since last transformation. Running transformations.
2025-09-08 14:53:33,311 - __main__ - INFO - Running analysis.cevent.sql...
2025-09-08 14:53:33,462 - __main__ - INFO - Successfully ran analysis.cevent.sql.
2025-09-08 14:53:33,462 - __main__ - INFO - Running analysis_accident.sql...
2025-09-08 14:53:33,688 - __main__ - INFO - Successfully ran analysis_accident.sql.
2025-09-08 14:53:33,689 - __main__ - INFO - Running analysis_crashrf.sql...
2025-09-08 14:53:33,725 - __main__ - INFO - Successfully ran analysis_crashrf.sql.
2025-09-08 14:53:33,726 - __main__ - INFO - Running analysis_damage.sql...
2025-09-08 14:53:33,726 - __main__ - ERROR - Error running analysis_damage.sql: Binder Error: Column "DAMAGE" referenced that exists in the SELECT clause - but this column cannot be referenced before it is defined
2025-09-08 14:53:33,727 - __main__ - INFO - Running analysis_distract.sql...
2025-09-08 14:53:33,727 - __main__ - ERROR - Error running analysis_distract.sql: Binder Error: Column "DRDISTRACT" referenced that exists in the SELECT clause - but this column cannot be referenced before it is defined
2025-09-08 14:53:33,728 - __main__ - INFO - Running analysis_drimpair.sql...
2025-09-08 14:53:33,786 - __main__ - INFO - Successfully ran analysis_drimpair.sql.
2025-09-08 14:53:33,786 - __main__ - INFO - Running analysis_driverrrf.sql...
2025-09-08 14:53:33,843 - __main__ - INFO - Successfully ran analysis_driverrrf.sql.
2025-09-08 14:53:33,843 - __main__ - INFO - Running analysis_drugs.sql...
2025-09-08 14:53:33,844 - __main__ - ERROR - Error running analysis_drugs.sql: Binder Error: Column "DRUGMETHOD" referenced that exists in the SELECT clause - but this column cannot be referenced before it is defined
2025-09-08 14:53:33,845 - __main__ - INFO - Running analysis_factor.sql...
2025-09-08 14:53:33,845 - __main__ - ERROR - Error running analysis_factor.sql: Binder Error: Column "VEHICLECC" referenced that exists in the SELECT clause - but this column cannot be referenced before it is defined
2025-09-08 14:53:33,845 - __main__ - INFO - Running analysis_maneuver.sql...
2025-09-08 14:53:33,846 - __main__ - ERROR - Error running analysis_maneuver.sql: Binder Error: Column "MANEUVER" referenced that exists in the SELECT clause - but this column cannot be referenced before it is defined
2025-09-08 14:53:33,846 - __main__ - INFO - Running analysis_miacc.sql...
2025-09-08 14:53:33,891 - __main__ - INFO - Successfully ran analysis_miacc.sql.
2025-09-08 14:53:33,891 - __main__ - INFO - Running analysis_midrvacc.sql...
2025-09-08 14:53:33,936 - __main__ - INFO - Successfully ran analysis_midrvacc.sql.
2025-09-08 14:53:33,937 - __main__ - INFO - Running analysis_miper.sql...
2025-09-08 14:53:34,039 - __main__ - INFO - Successfully ran analysis_miper.sql.
2025-09-08 14:53:34,041 - __main__ - INFO - Running analysis_motorcycle_helmet_laws.sql...
2025-09-08 14:53:34,045 - __main__ - INFO - Successfully ran analysis_motorcycle_helmet_laws.sql.
2025-09-08 14:53:34,045 - __main__ - INFO - Running analysis_nmcrash.sql...
2025-09-08 14:53:34,046 - __main__ - ERROR - Error running analysis_nmcrash.sql: Binder Error: Column "NMCC" referenced that exists in the SELECT clause - but this column cannot be referenced before it is defined
2025-09-08 14:53:34,046 - __main__ - INFO - Running analysis_nmdistract.sql...
2025-09-08 14:53:34,046 - __main__ - ERROR - Error running analysis_nmdistract.sql: Binder Error: Column "NMDISTRACT" referenced that exists in the SELECT clause - but this column cannot be referenced before it is defined
2025-09-08 14:53:34,047 - __main__ - INFO - Running analysis_nmimpair.sql...
2025-09-08 14:53:34,066 - __main__ - INFO - Successfully ran analysis_nmimpair.sql.
2025-09-08 14:53:34,066 - __main__ - INFO - Running analysis_nmprior.sql...
2025-09-08 14:53:34,067 - __main__ - ERROR - Error running analysis_nmprior.sql: Binder Error: Column "NMACTION" referenced that exists in the SELECT clause - but this column cannot be referenced before it is defined
2025-09-08 14:53:34,068 - __main__ - INFO - Running analysis_parkwork.sql...
2025-09-08 14:53:34,070 - __main__ - ERROR - Error running analysis_parkwork.sql: Binder Error: Column "PVPICMAKE" referenced that exists in the SELECT clause - but this column cannot be referenced before it is defined
2025-09-08 14:53:34,070 - __main__ - INFO - Running analysis_pbtype.sql...
2025-09-08 14:53:34,118 - __main__ - INFO - Successfully ran analysis_pbtype.sql.
2025-09-08 14:53:34,119 - __main__ - INFO - Running analysis_person.sql...
2025-09-08 14:53:34,120 - __main__ - ERROR - Error running analysis_person.sql: Binder Error: Column "VPICMAKE" referenced that exists in the SELECT clause - but this column cannot be referenced before it is defined
2025-09-08 14:53:34,121 - __main__ - INFO - Running analysis_personrf.sql...
2025-09-08 14:53:34,206 - __main__ - INFO - Successfully ran analysis_personrf.sql.
2025-09-08 14:53:34,207 - __main__ - INFO - Running analysis_pvehiclesf.sql...
2025-09-08 14:53:34,215 - __main__ - INFO - Successfully ran analysis_pvehiclesf.sql.
2025-09-08 14:53:34,215 - __main__ - INFO - Running analysis_race.sql...
2025-09-08 14:53:34,222 - __main__ - ERROR - Error running analysis_race.sql: Catalog Error: Table with name analysis_race does not exist!
Did you mean "analysis_factor"?
2025-09-08 14:53:34,222 - __main__ - INFO - Running analysis_safetyeq.sql...
2025-09-08 14:53:34,248 - __main__ - INFO - Successfully ran analysis_safetyeq.sql.
2025-09-08 14:53:34,249 - __main__ - INFO - Running analysis_vehicle.sql...
2025-09-08 14:53:34,251 - __main__ - ERROR - Error running analysis_vehicle.sql: Binder Error: Column "VPICMAKE" referenced that exists in the SELECT clause - but this column cannot be referenced before it is defined
2025-09-08 14:53:34,252 - __main__ - INFO - Running analysis_vehiclesf.sql...
2025-09-08 14:53:34,298 - __main__ - INFO - Successfully ran analysis_vehiclesf.sql.
2025-09-08 14:53:34,298 - __main__ - INFO - Running analysis_vevent.sql...
2025-09-08 14:53:34,478 - __main__ - INFO - Successfully ran analysis_vevent.sql.
2025-09-08 14:53:34,478 - __main__ - INFO - Running analysis_violatn.sql...
2025-09-08 14:53:34,479 - __main__ - ERROR - Error running analysis_violatn.sql: Binder Error: Column "VIOLATION" referenced that exists in the SELECT clause - but this column cannot be referenced before it is defined
2025-09-08 14:53:34,479 - __main__ - INFO - Running analysis_vision.sql...
2025-09-08 14:53:34,480 - __main__ - ERROR - Error running analysis_vision.sql: Binder Error: Column "VISION" referenced that exists in the SELECT clause - but this column cannot be referenced before it is defined
2025-09-08 14:53:34,480 - __main__ - INFO - Running analysis_vpicdecode.sql...
2025-09-08 14:53:34,482 - __main__ - ERROR - Error running analysis_vpicdecode.sql: Binder Error: Column "NONLANDUSEID" referenced that exists in the SELECT clause - but this column cannot be referenced before it is defined
2025-09-08 14:53:34,482 - __main__ - INFO - Running analysis_vpictrailerdecode.sql...
2025-09-08 14:53:34,484 - __main__ - ERROR - Error running analysis_vpictrailerdecode.sql: Binder Error: Column "NONLANDUSEID" referenced that exists in the SELECT clause - but this column cannot be referenced before it is defined
2025-09-08 14:53:34,484 - __main__ - INFO - Running analysis_vsoe.sql...
2025-09-08 14:53:34,632 - __main__ - INFO - Successfully ran analysis_vsoe.sql.
2025-09-08 14:53:34,632 - __main__ - INFO - Running analysis_weather.sql...
2025-09-08 14:53:34,656 - __main__ - INFO - Successfully ran analysis_weather.sql.
2025-09-08 14:53:34,656 - __main__ - ERROR - Transformation run failed. last_run not updated.
2025-09-08 15:04:39,337 - __main__ - INFO - Last transformation run: None
2025-09-08 15:04:39,338 - __main__ - INFO - 159 new files ingested since last transformation. Running transformations.
2025-09-08 15:04:39,338 - __main__ - INFO - Running analysis.cevent.sql...
2025-09-08 15:04:39,952 - __main__ - INFO - Successfully ran analysis.cevent.sql.
2025-09-08 15:04:39,953 - __main__ - INFO - Running analysis_accident.sql...
2025-09-08 15:04:41,495 - __main__ - INFO - Successfully ran analysis_accident.sql.
2025-09-08 15:04:41,495 - __main__ - INFO - Running analysis_crashrf.sql...
2025-09-08 15:04:41,570 - __main__ - INFO - Successfully ran analysis_crashrf.sql.
2025-09-08 15:04:41,570 - __main__ - INFO - Running analysis_damage.sql...
2025-09-08 15:04:42,090 - __main__ - INFO - Successfully ran analysis_damage.sql.
2025-09-08 15:04:42,090 - __main__ - INFO - Running analysis_distract.sql...
2025-09-08 15:04:42,233 - __main__ - INFO - Successfully ran analysis_distract.sql.
2025-09-08 15:04:42,234 - __main__ - INFO - Running analysis_drimpair.sql...
2025-09-08 15:04:42,381 - __main__ - INFO - Successfully ran analysis_drimpair.sql.
2025-09-08 15:04:42,382 - __main__ - INFO - Running analysis_driverrrf.sql...
2025-09-08 15:04:42,521 - __main__ - INFO - Successfully ran analysis_driverrrf.sql.
2025-09-08 15:04:42,521 - __main__ - INFO - Running analysis_drugs.sql...
2025-09-08 15:04:43,259 - __main__ - INFO - Successfully ran analysis_drugs.sql.
2025-09-08 15:04:43,259 - __main__ - INFO - Running analysis_factor.sql...
2025-09-08 15:04:43,400 - __main__ - INFO - Successfully ran analysis_factor.sql.
2025-09-08 15:04:43,401 - __main__ - INFO - Running analysis_maneuver.sql...
2025-09-08 15:04:43,539 - __main__ - INFO - Successfully ran analysis_maneuver.sql.
2025-09-08 15:04:43,539 - __main__ - INFO - Running analysis_miacc.sql...
2025-09-08 15:04:43,627 - __main__ - INFO - Successfully ran analysis_miacc.sql.
2025-09-08 15:04:43,628 - __main__ - INFO - Running analysis_midrvacc.sql...
2025-09-08 15:04:43,723 - __main__ - INFO - Successfully ran analysis_midrvacc.sql.
2025-09-08 15:04:43,723 - __main__ - INFO - Running analysis_miper.sql...
2025-09-08 15:04:43,976 - __main__ - INFO - Successfully ran analysis_miper.sql.
2025-09-08 15:04:43,976 - __main__ - INFO - Running analysis_motorcycle_helmet_laws.sql...
2025-09-08 15:04:43,981 - __main__ - INFO - Successfully ran analysis_motorcycle_helmet_laws.sql.
2025-09-08 15:04:43,981 - __main__ - INFO - Running analysis_nmcrash.sql...
2025-09-08 15:04:44,016 - __main__ - INFO - Successfully ran analysis_nmcrash.sql.
2025-09-08 15:04:44,017 - __main__ - INFO - Running analysis_nmdistract.sql...
2025-09-08 15:04:44,040 - __main__ - INFO - Successfully ran analysis_nmdistract.sql.
2025-09-08 15:04:44,040 - __main__ - INFO - Running analysis_nmimpair.sql...
2025-09-08 15:04:44,064 - __main__ - INFO - Successfully ran analysis_nmimpair.sql.
2025-09-08 15:04:44,064 - __main__ - INFO - Running analysis_nmprior.sql...
2025-09-08 15:04:44,089 - __main__ - INFO - Successfully ran analysis_nmprior.sql.
2025-09-08 15:04:44,090 - __main__ - INFO - Running analysis_parkwork.sql...
2025-09-08 15:04:44,427 - __main__ - INFO - Successfully ran analysis_parkwork.sql.
2025-09-08 15:04:44,427 - __main__ - INFO - Running analysis_pbtype.sql...
2025-09-08 15:04:44,744 - __main__ - INFO - Successfully ran analysis_pbtype.sql.
2025-09-08 15:04:44,744 - __main__ - INFO - Running analysis_person.sql...
2025-09-08 15:04:50,652 - __main__ - INFO - Successfully ran analysis_person.sql.
2025-09-08 15:04:50,653 - __main__ - INFO - Running analysis_personrf.sql...
2025-09-08 15:04:50,924 - __main__ - INFO - Successfully ran analysis_personrf.sql.
2025-09-08 15:04:50,925 - __main__ - INFO - Running analysis_pvehiclesf.sql...
2025-09-08 15:04:50,931 - __main__ - INFO - Successfully ran analysis_pvehiclesf.sql.
2025-09-08 15:04:50,931 - __main__ - INFO - Running analysis_race.sql...
2025-09-08 15:04:51,390 - __main__ - INFO - Successfully ran analysis_race.sql.
2025-09-08 15:04:51,391 - __main__ - INFO - Running analysis_safetyeq.sql...
2025-09-08 15:04:51,431 - __main__ - INFO - Successfully ran analysis_safetyeq.sql.
2025-09-08 15:04:51,433 - __main__ - INFO - Running analysis_vehicle.sql...
2025-09-08 15:04:58,357 - __main__ - INFO - Successfully ran analysis_vehicle.sql.
2025-09-08 15:04:58,358 - __main__ - INFO - Running analysis_vehiclesf.sql...
2025-09-08 15:04:58,461 - __main__ - INFO - Successfully ran analysis_vehiclesf.sql.
2025-09-08 15:04:58,463 - __main__ - INFO - Running analysis_vevent.sql...
2025-09-08 15:04:59,365 - __main__ - INFO - Successfully ran analysis_vevent.sql.
2025-09-08 15:04:59,365 - __main__ - INFO - Running analysis_violatn.sql...
2025-09-08 15:04:59,507 - __main__ - INFO - Successfully ran analysis_violatn.sql.
2025-09-08 15:04:59,508 - __main__ - INFO - Running analysis_vision.sql...
2025-09-08 15:04:59,681 - __main__ - INFO - Successfully ran analysis_vision.sql.
2025-09-08 15:04:59,681 - __main__ - INFO - Running analysis_vpicdecode.sql...
2025-09-08 15:05:04,437 - __main__ - INFO - Successfully ran analysis_vpicdecode.sql.
2025-09-08 15:05:04,438 - __main__ - INFO - Running analysis_vpictrailerdecode.sql...
2025-09-08 15:05:04,482 - __main__ - INFO - Successfully ran analysis_vpictrailerdecode.sql.
2025-09-08 15:05:04,482 - __main__ - INFO - Running analysis_vsoe.sql...
2025-09-08 15:05:05,200 - __main__ - INFO - Successfully ran analysis_vsoe.sql.
2025-09-08 15:05:05,200 - __main__ - INFO - Running analysis_weather.sql...
2025-09-08 15:05:05,275 - __main__ - INFO - Successfully ran analysis_weather.sql.
2025-09-08 15:05:05,717 - __main__ - INFO - Transformation run completed. Updated last_run to 2025-09-08 15:05:05.276855.
